Removed Pin From Net: NetName=GND Pin=SW1-4
Removed Pin From Net: NetName=GND Pin=SW2-4
Change Component Footprint: Designator=SW1 Old Footprint=436353045816 New Footprint=FP-PTS810_SJG_250_SMTR_LF-MFG
Change Component Footprint: Designator=SW2 Old Footprint=436353045816 New Footprint=FP-PTS810_SJG_250_SMTR_LF-MFG
Change Managed Component Library Link : Designator=SW1 Old VaultGUID=B7D15EC3-160A-466F-A46C-7801FE6295A7 New VaultGUID=B7D15EC3-160A-466F-A46C-7801FE6295A7 Old ItemGUID=848C733A-952F-4A3B-83C7-F3887F546A66 New ItemGUID=660D745C-EB67-484A-8DFB-4AEC28075180 Old RevisionGUID=F59B8264-890F-4AB2-8BD3-87EF3C093440 New RevisionGUID=C8F4C198-B846-4DC0-8B2E-866B07D95762
Change Managed Component Library Link : Designator=SW2 Old VaultGUID=B7D15EC3-160A-466F-A46C-7801FE6295A7 New VaultGUID=B7D15EC3-160A-466F-A46C-7801FE6295A7 Old ItemGUID=848C733A-952F-4A3B-83C7-F3887F546A66 New ItemGUID=660D745C-EB67-484A-8DFB-4AEC28075180 Old RevisionGUID=F59B8264-890F-4AB2-8BD3-87EF3C093440 New RevisionGUID=C8F4C198-B846-4DC0-8B2E-866B07D95762
Change component parameters: Designator = "SW1" ("SW1"); Footprint = "436353045816"; UniqueID = "\GEZRHOMI" ("\GEZRHOMI")
Change component parameters (AddParameter): Name = "Automotive"; Value = "No"; VariantName = "[No Variations]"
Change component parameters (AddParameter): Name = "Category"; Value = "Switch"; VariantName = "[No Variations]"
Change component parameters (AddParameter): Name = "ComponentLink2Description"; Value = "Datasheet"; VariantName = "[No Variations]"
Change component parameters (AddParameter): Name = "ComponentLink2URL"; Value = "https://www.ckswitches.com/media/1476/pts810.pdf"; VariantName = "[No Variations]"
Change component parameters (AddParameter): Name = "Contact Resistance"; Value = "500mO"; VariantName = "[No Variations]"
Change component parameters (AddParameter): Name = "Current Rating"; Value = "50mA"; VariantName = "[No Variations]"
Change component parameters (AddParameter): Name = "Device Class L1"; Value = "Electromechanical"; VariantName = "[No Variations]"
Change component parameters (AddParameter): Name = "Device Class L2"; Value = "Switches"; VariantName = "[No Variations]"
Change component parameters (AddParameter): Name = "Device Class L3"; Value = "Tactile Switches"; VariantName = "[No Variations]"
Change component parameters (AddParameter): Name = "Digikey Description"; Value = "SWITCH TACTILE SPST-NO 0.05A 16V"; VariantName = "[No Variations]"
Change component parameters (AddParameter): Name = "Electromechanical Life"; Value = "100000Cycles"; VariantName = "[No Variations]"
Change component parameters (AddParameter): Name = "Height"; Value = "2.7mm"; VariantName = "[No Variations]"
Change component parameters (AddParameter): Name = "Lead Free"; Value = "Yes"; VariantName = "[No Variations]"
Change component parameters (AddParameter): Name = "Manufacturer"; Value = "C&K Components"; VariantName = "[No Variations]"
Change component parameters (AddParameter): Name = "Manufacturer Part Number"; Value = "PTS810 SJG 250 SMTR LFS"; VariantName = "[No Variations]"
Change component parameters (AddParameter): Name = "Mouser Description"; Value = "Switch Tactile N.O. SPST Button J-Bend 0.05A 16VDC 100000Cycles 3.92N SMD T/R"; VariantName = "[No Variations]"
Change component parameters (AddParameter): Name = "Octopart"; Value = "https://octopart.com/pts810sjg250smtrlfs-c%26k+components-29380277"; VariantName = "[No Variations]"
Change component parameters (AddParameter): Name = "Operating Force"; Value = "400gf"; VariantName = "[No Variations]"
Change component parameters (AddParameter): Name = "Package"; Value = "PTS810 SJG 250 SMTR LFS"; VariantName = "[No Variations]"
Change component parameters (AddParameter): Name = "RoHS"; Value = "TRUE"; VariantName = "[No Variations]"
Change component parameters (AddParameter): Name = "Temperature"; Value = "-40°C to +85°C"; VariantName = "[No Variations]"
Change component parameters (AddParameter): Name = "Temperature Range High"; Value = "+85°C"; VariantName = "[No Variations]"
Change component parameters (AddParameter): Name = "Temperature Range Low"; Value = "-40°C"; VariantName = "[No Variations]"
Change component parameters (AddParameter): Name = "Throw Configuration"; Value = "SPST-NO"; VariantName = "[No Variations]"
Change component parameters (AddParameter): Name = "Voltage Rating Dc"; Value = "16V"; VariantName = "[No Variations]"
Change component parameters: Designator = "SW2" ("SW2"); Footprint = "436353045816"; UniqueID = "\BQDLFBJX" ("\BQDLFBJX")
Change component parameters (AddParameter): Name = "Automotive"; Value = "No"; VariantName = "[No Variations]"
Change component parameters (AddParameter): Name = "Category"; Value = "Switch"; VariantName = "[No Variations]"
Change component parameters (AddParameter): Name = "ComponentLink2Description"; Value = "Datasheet"; VariantName = "[No Variations]"
Change component parameters (AddParameter): Name = "ComponentLink2URL"; Value = "https://www.ckswitches.com/media/1476/pts810.pdf"; VariantName = "[No Variations]"
Change component parameters (AddParameter): Name = "Contact Resistance"; Value = "500mO"; VariantName = "[No Variations]"
Change component parameters (AddParameter): Name = "Current Rating"; Value = "50mA"; VariantName = "[No Variations]"
Change component parameters (AddParameter): Name = "Device Class L1"; Value = "Electromechanical"; VariantName = "[No Variations]"
Change component parameters (AddParameter): Name = "Device Class L2"; Value = "Switches"; VariantName = "[No Variations]"
Change component parameters (AddParameter): Name = "Device Class L3"; Value = "Tactile Switches"; VariantName = "[No Variations]"
Change component parameters (AddParameter): Name = "Digikey Description"; Value = "SWITCH TACTILE SPST-NO 0.05A 16V"; VariantName = "[No Variations]"
Change component parameters (AddParameter): Name = "Electromechanical Life"; Value = "100000Cycles"; VariantName = "[No Variations]"
Change component parameters (AddParameter): Name = "Height"; Value = "2.7mm"; VariantName = "[No Variations]"
Change component parameters (AddParameter): Name = "Lead Free"; Value = "Yes"; VariantName = "[No Variations]"
Change component parameters (AddParameter): Name = "Manufacturer"; Value = "C&K Components"; VariantName = "[No Variations]"
Change component parameters (AddParameter): Name = "Manufacturer Part Number"; Value = "PTS810 SJG 250 SMTR LFS"; VariantName = "[No Variations]"
Change component parameters (AddParameter): Name = "Mouser Description"; Value = "Switch Tactile N.O. SPST Button J-Bend 0.05A 16VDC 100000Cycles 3.92N SMD T/R"; VariantName = "[No Variations]"
Change component parameters (AddParameter): Name = "Octopart"; Value = "https://octopart.com/pts810sjg250smtrlfs-c%26k+components-29380277"; VariantName = "[No Variations]"
Change component parameters (AddParameter): Name = "Operating Force"; Value = "400gf"; VariantName = "[No Variations]"
Change component parameters (AddParameter): Name = "Package"; Value = "PTS810 SJG 250 SMTR LFS"; VariantName = "[No Variations]"
Change component parameters (AddParameter): Name = "RoHS"; Value = "TRUE"; VariantName = "[No Variations]"
Change component parameters (AddParameter): Name = "Temperature"; Value = "-40°C to +85°C"; VariantName = "[No Variations]"
Change component parameters (AddParameter): Name = "Temperature Range High"; Value = "+85°C"; VariantName = "[No Variations]"
Change component parameters (AddParameter): Name = "Temperature Range Low"; Value = "-40°C"; VariantName = "[No Variations]"
Change component parameters (AddParameter): Name = "Throw Configuration"; Value = "SPST-NO"; VariantName = "[No Variations]"
Change component parameters (AddParameter): Name = "Voltage Rating Dc"; Value = "16V"; VariantName = "[No Variations]"
Added Pin To Net: NetName=+3V3 Pin=R26-1
Added Pin To Net: NetName=GND Pin=SW1-1
Added Pin To Net: NetName=GND Pin=SW2-1
Added Pin To Net: NetName=+3V3 Pin=U3-9
Added Pin To Net: NetName=+3V3 Pin=U9-24
Change Net Name : Old Net Name=+3V3 New Net Name=MPU6050_SCL
